c:\users\erika\progetto\nongravitar\project1\debug\vc141.pdb
c:\users\erika\progetto\nongravitar\project1\debug\vc141.idb
c:\users\erika\progetto\nongravitar\project1\debug\textbox.obj
c:\users\erika\progetto\nongravitar\project1\debug\terreno.obj
c:\users\erika\progetto\nongravitar\project1\debug\tank.obj
c:\users\erika\progetto\nongravitar\project1\debug\navicella.obj
c:\users\erika\progetto\nongravitar\project1\debug\menu.obj
c:\users\erika\progetto\nongravitar\project1\debug\main.obj
c:\users\erika\progetto\nongravitar\project1\debug\lifescore.obj
c:\users\erika\progetto\nongravitar\project1\debug\game.obj
c:\users\erika\progetto\nongravitar\project1\debug\fuel.obj
c:\users\erika\progetto\nongravitar\project1\debug\bunker.obj
c:\users\erika\progetto\nongravitar\project1\debug\bullet.obj
c:\users\erika\progetto\nongravitar\project1\debug\bidirbullet.obj
c:\users\erika\progetto\nongravitar\project1\debug\planet.obj
c:\users\erika\progetto\nongravitar\debug\project1.exe
c:\users\erika\progetto\nongravitar\debug\project1.ilk
c:\users\erika\progetto\nongravitar\debug\project1.pdb
c:\users\erika\progetto\nongravitar\project1\debug\project1.tlog\cl.command.1.tlog
c:\users\erika\progetto\nongravitar\project1\debug\project1.tlog\cl.read.1.tlog
c:\users\erika\progetto\nongravitar\project1\debug\project1.tlog\cl.write.1.tlog
c:\users\erika\progetto\nongravitar\project1\debug\project1.tlog\link.command.1.tlog
c:\users\erika\progetto\nongravitar\project1\debug\project1.tlog\link.read.1.tlog
c:\users\erika\progetto\nongravitar\project1\debug\project1.tlog\link.write.1.tlog
