  terreno.cpp
c:\users\erika\progetto\nongravitar\project1\terreno.cpp(22): warning C4018: '<': errata corrispondenza tra signed e unsigned
c:\users\erika\progetto\nongravitar\project1\terreno.cpp(23): warning C4244: 'argomento': conversione da 'int' a 'T'. Possibile perdita di dati.
          with
          [
              T=float
          ]
c:\users\erika\progetto\nongravitar\project1\terreno.cpp(30): warning C4244: 'argomento': conversione da 'int' a 'T'. Possibile perdita di dati.
          with
          [
              T=float
          ]
c:\users\erika\progetto\nongravitar\project1\terreno.cpp(42): warning C4018: '<': errata corrispondenza tra signed e unsigned
c:\users\erika\progetto\nongravitar\project1\terreno.cpp(57): warning C4018: '<': errata corrispondenza tra signed e unsigned
c:\users\erika\progetto\nongravitar\project1\terreno.cpp(85): warning C4018: '<': errata corrispondenza tra signed e unsigned
c:\users\erika\progetto\nongravitar\project1\terreno.cpp(116): warning C4018: '<': errata corrispondenza tra signed e unsigned
c:\users\erika\progetto\nongravitar\project1\terreno.cpp(136): warning C4244: 'return': conversione da 'double' a 'float'. Possibile perdita di dati.
c:\users\erika\progetto\nongravitar\project1\terreno.cpp(211): warning C4244: 'argomento': conversione da 'double' a 'T'. Possibile perdita di dati.
          with
          [
              T=float
          ]
c:\users\erika\progetto\nongravitar\project1\terreno.cpp(212): warning C4244: 'argomento': conversione da 'double' a 'T'. Possibile perdita di dati.
          with
          [
              T=float
          ]
  Generazione codice in corso...
c:\users\erika\progetto\nongravitar\project1\planet.cpp(27): error C4700: utilizzata variabile locale 'newBunker' non inizializzata
  183 of 869 functions (21.1%) were compiled, the rest were copied from previous compilation.
    99 functions were new in current compilation
    86 functions had inline decision re-evaluated but remain unchanged
LINK : fatal error LNK1257: generazione codice non riuscita
